<?xml version="1.0" encoding="UTF-8"?>
<!-- Generated by org.testng.reporters.JUnitXMLReporter -->
<testsuite ignored="1" hostname="user1" failures="0" tests="3" name="Default test" time="7.99" errors="0" timestamp="2025-04-03T11:32:34 IST">
  <testcase classname="testScripts.BookSearchTest" name="CrimeNovelsearch" time="0.107"/>
  <testcase classname="testScripts.BookSearchTest" name="CookingBook" time="0.083"/>
  <testcase classname="testScripts.BookSearchTest" name="HistoryBook" time="0.086"/>
  <testcase classname="testScripts.BookSearchTest" name="FantasyBook" time="0.0">
    <ignored/>
  </testcase> <!-- FantasyBook -->
</testsuite> <!-- Default test -->
