<?xml version="1.0" encoding="UTF-8"?>
<!-- Generated by org.testng.reporters.JUnitXMLReporter -->
<testsuite ignored="1" hostname="user1" failures="0" tests="1" name="Default test" time="5.049" errors="0" timestamp="2025-04-07T11:32:36 IST">
  <testcase classname="testScripts.ChromeDevPrTest" name="geoLocationTest" time="2.942"/>
  <testcase classname="testScripts.ChromeDevPrTest" name="deviceModeTest" time="0.0">
    <ignored/>
  </testcase> <!-- deviceModeTest -->
</testsuite> <!-- Default test -->
