<?xml version="1.0" encoding="UTF-8"?>
<!-- Generated by org.testng.reporters.JUnitXMLReporter -->
<testsuite ignored="1" hostname="user1" failures="1" tests="3" name="Test" time="23.936" errors="0" timestamp="2025-04-07T10:28:08 IST">
  <testcase classname="testScripts.BookSearchTest" name="CrimeNovelsearch" time="0.134"/>
  <testcase classname="testScripts.BookSearchTest" name="CookingBook" time="0.271">
    <failure type="java.lang.AssertionError" message="expected [true] but found [false]">
      <![CDATA[java.lang.AssertionError: expected [true] but found [false]
at testScripts.BookSearchTest.CookingBook(BookSearchTest.java:86)
at java.base/java.util.ArrayList.forEach(ArrayList.java:1511)
... Removed 31 stack frames]]>
    </failure>
  </testcase> <!-- CookingBook -->
  <testcase classname="testScripts.BookSearchTest" name="HistoryBook" time="0.209"/>
  <testcase classname="testScripts.BookSearchTest" name="FantasyBook" time="0.0">
    <ignored/>
  </testcase> <!-- FantasyBook -->
</testsuite> <!-- Test -->
