<?xml version="1.0" encoding="UTF-8"?>
<!-- Generated by org.testng.reporters.JUnitXMLReporter -->
<testsuite ignored="6" hostname="user1" failures="0" tests="3" name="GroupTest" time="0.107" errors="0" timestamp="2025-04-03T12:23:35 IST">
  <testcase classname="groupScripts.SampleTestOne" name="testTwo" time="0.014"/>
  <testcase classname="groupScripts.SampleTestTwo" name="testTwo" time="0.002"/>
  <testcase classname="groupScripts.SampleTestThree" name="testTwo" time="0.003"/>
  <testcase classname="groupScripts.SampleTestThree" name="testOne" time="0.0">
    <ignored/>
  </testcase> <!-- testOne -->
  <testcase classname="groupScripts.SampleTestOne" name="testThree" time="0.0">
    <ignored/>
  </testcase> <!-- testThree -->
  <testcase classname="groupScripts.SampleTestTwo" name="testOne" time="0.0">
    <ignored/>
  </testcase> <!-- testOne -->
  <testcase classname="groupScripts.SampleTestThree" name="testThree" time="0.0">
    <ignored/>
  </testcase> <!-- testThree -->
  <testcase classname="groupScripts.SampleTestTwo" name="testThree" time="0.0">
    <ignored/>
  </testcase> <!-- testThree -->
  <testcase classname="groupScripts.SampleTestOne" name="testOne" time="0.0">
    <ignored/>
  </testcase> <!-- testOne -->
</testsuite> <!-- GroupTest -->
