<?xml version="1.0" encoding="UTF-8"?>
<!-- Generated by org.testng.reporters.JUnitXMLReporter -->
<testsuite ignored="0" hostname="user1" failures="0" tests="3" name="SampleTest" time="3.565" errors="0" timestamp="2025-04-03T14:33:14 IST">
  <testcase classname="parallelScript.SampleThreadTest" name="testThree" time="3.401"/>
  <testcase classname="parallelScript.SampleThreadTest" name="testTwo" time="3.4"/>
  <testcase classname="parallelScript.SampleThreadTest" name="testOne" time="3.466"/>
</testsuite> <!-- SampleTest -->
