<?xml version="1.0" encoding="UTF-8"?>
<!-- Generated by org.testng.reporters.JUnitXMLReporter -->
<testsuite ignored="1" hostname="user1" failures="0" tests="3" name="SampleTest" time="11.505" errors="0" timestamp="2025-04-03T12:28:15 IST">
  <testcase classname="testScripts.BookSearchTest" name="CrimeNovelsearch" time="0.109"/>
  <testcase classname="testScripts.BookSearchTest" name="CookingBook" time="0.091"/>
  <testcase classname="testScripts.BookSearchTest" name="HistoryBook" time="0.088"/>
  <testcase classname="testScripts.BookSearchTest" name="FantasyBook" time="0.0">
    <ignored/>
  </testcase> <!-- FantasyBook -->
</testsuite> <!-- SampleTest -->
