<?xml version="1.0" encoding="UTF-8"?>
<testng-results ignored="0" total="1" passed="1" failed="0" skipped="0">
  <reporter-output>
  </reporter-output>
  <suite started-at="2025-03-27T17:32:38 IST" name="Default suite" finished-at="2025-03-27T17:32:47 IST" duration-ms="8369">
    <groups>
    </groups>
    <test started-at="2025-03-27T17:32:38 IST" name="Default test" finished-at="2025-03-27T17:32:47 IST" duration-ms="8369">
      <class name="testScripts.MouseActions">
        <test-method signature="mouseAction()[pri:0, instance:testScripts.MouseActions@2794eab6]" started-at="2025-03-27T17:32:38 IST" name="mouseAction" finished-at="2025-03-27T17:32:47 IST" duration-ms="8287" status="PASS">
          <reporter-output>
          </reporter-output>
        </test-method> <!-- mouseAction -->
      </class> <!-- testScripts.MouseActions -->
    </test> <!-- Default test -->
  </suite> <!-- Default suite -->
</testng-results>
