<?xml version="1.0" encoding="UTF-8"?>
<testng-results ignored="1" total="4" passed="3" failed="0" skipped="0">
  <reporter-output>
  </reporter-output>
  <suite started-at="2025-04-03T12:28:04 IST" name="SampleSuite" finished-at="2025-04-03T12:28:15 IST" duration-ms="11505">
    <groups>
    </groups>
    <test started-at="2025-04-03T12:28:04 IST" name="SampleTest" finished-at="2025-04-03T12:28:15 IST" duration-ms="11505">
      <class name="testScripts.BookSearchTest">
        <test-method is-config="true" signature="setup(java.lang.String)[pri:0, instance:testScripts.BookSearchTest@19e4653c]" started-at="2025-04-03T12:28:04 IST" name="setup" finished-at="2025-04-03T12:28:13 IST" duration-ms="9883" status="PASS">
          <params>
            <param index="0">
              <value>
                <![CDATA[edge]]>
              </value>
            </param>
          </params>
          <reporter-output>
          </reporter-output>
        </test-method> <!-- setup -->
        <test-method signature="CrimeNovelsearch()[pri:0, instance:testScripts.BookSearchTest@19e4653c]" started-at="2025-04-03T12:28:13 IST" name="CrimeNovelsearch" finished-at="2025-04-03T12:28:14 IST" duration-ms="109" status="PASS">
          <reporter-output>
          </reporter-output>
        </test-method> <!-- CrimeNovelsearch -->
        <test-method signature="CookingBook()[pri:1, instance:testScripts.BookSearchTest@19e4653c]" started-at="2025-04-03T12:28:14 IST" name="CookingBook" finished-at="2025-04-03T12:28:14 IST" duration-ms="91" status="PASS">
          <reporter-output>
          </reporter-output>
        </test-method> <!-- CookingBook -->
        <test-method signature="HistoryBook()[pri:0, instance:testScripts.BookSearchTest@19e4653c]" started-at="2025-04-03T12:28:14 IST" name="HistoryBook" finished-at="2025-04-03T12:28:14 IST" depends-on-methods="testScripts.BookSearchTest.CookingBook" duration-ms="88" status="PASS">
          <reporter-output>
          </reporter-output>
        </test-method> <!-- HistoryBook -->
        <test-method is-config="true" signature="tearDown()[pri:0, instance:testScripts.BookSearchTest@19e4653c]" started-at="2025-04-03T12:28:14 IST" name="tearDown" finished-at="2025-04-03T12:28:15 IST" duration-ms="1275" status="PASS">
          <reporter-output>
          </reporter-output>
        </test-method> <!-- tearDown -->
      </class> <!-- testScripts.BookSearchTest -->
    </test> <!-- SampleTest -->
  </suite> <!-- SampleSuite -->
</testng-results>
